<?xml version="1.0" encoding="UTF-8"?>
<!-- Generated by org.testng.reporters.JUnitXMLReporter -->
<testsuite ignored="0" hostname="CHERUKURU" failures="0" tests="9" name="Default test" time="15.408" errors="0" timestamp="2023-08-30T21:15:06 IST">
  <testcase classname="api.test.DDTest" name="DDT_createUser" time="3.749"/>
  <testcase classname="api.test.DDTest" name="DDT_createUser" time="1.295"/>
  <testcase classname="api.test.DDTest" name="DDT_createUser" time="1.105"/>
  <testcase classname="api.test.DDTest" name="testgetUser" time="1.302"/>
  <testcase classname="api.test.DDTest" name="testgetUser" time="1.156"/>
  <testcase classname="api.test.DDTest" name="testgetUser" time="1.178"/>
  <testcase classname="api.test.DDTest" name="DDT_deleteUser" time="1.141"/>
  <testcase classname="api.test.DDTest" name="DDT_deleteUser" time="1.148"/>
  <testcase classname="api.test.DDTest" name="DDT_deleteUser" time="1.242"/>
</testsuite> <!-- Default test -->
