<?xml version="1.0" encoding="UTF-8"?>
<testng-results ignored="0" total="9" passed="9" failed="0" skipped="0">
  <reporter-output>
  </reporter-output>
  <suite started-at="2023-08-30T21:14:51 IST" name="Default suite" finished-at="2023-08-30T21:15:06 IST" duration-ms="15408">
    <groups>
    </groups>
    <test started-at="2023-08-30T21:14:51 IST" name="Default test" finished-at="2023-08-30T21:15:06 IST" duration-ms="15408">
      <class name="api.test.DDTest">
        <test-method signature="DDT_createUser(java.lang.String,java.lang.String,java.lang.String,java.lang.String,java.lang.String,java.lang.String,java.lang.String,java.lang.String)[pri:1, instance:api.test.DDTest@2c35e847]" started-at="2023-08-30T21:14:52 IST" name="DDT_createUser" data-provider="data" finished-at="2023-08-30T21:14:56 IST" duration-ms="3749" status="PASS">
          <params>
            <param index="0">
              <value>
                <![CDATA[12345]]>
              </value>
            </param>
            <param index="1">
              <value>
                <![CDATA[test123]]>
              </value>
            </param>
            <param index="2">
              <value>
                <![CDATA[harika]]>
              </value>
            </param>
            <param index="3">
              <value>
                <![CDATA[m]]>
              </value>
            </param>
            <param index="4">
              <value>
                <![CDATA[123@gmail.com]]>
              </value>
            </param>
            <param index="5">
              <value>
                <![CDATA[test]]>
              </value>
            </param>
            <param index="6">
              <value>
                <![CDATA[98989898979]]>
              </value>
            </param>
            <param index="7">
              <value>
                <![CDATA[0]]>
              </value>
            </param>
          </params>
          <reporter-output>
          </reporter-output>
        </test-method> <!-- DDT_createUser -->
        <test-method signature="DDT_createUser(java.lang.String,java.lang.String,java.lang.String,java.lang.String,java.lang.String,java.lang.String,java.lang.String,java.lang.String)[pri:1, instance:api.test.DDTest@2c35e847]" started-at="2023-08-30T21:14:56 IST" name="DDT_createUser" data-provider="data" finished-at="2023-08-30T21:14:58 IST" duration-ms="1295" status="PASS">
          <params>
            <param index="0">
              <value>
                <![CDATA[123456]]>
              </value>
            </param>
            <param index="1">
              <value>
                <![CDATA[test345]]>
              </value>
            </param>
            <param index="2">
              <value>
                <![CDATA[srinivas]]>
              </value>
            </param>
            <param index="3">
              <value>
                <![CDATA[ch]]>
              </value>
            </param>
            <param index="4">
              <value>
                <![CDATA[345@gmail.com]]>
              </value>
            </param>
            <param index="5">
              <value>
                <![CDATA[test]]>
              </value>
            </param>
            <param index="6">
              <value>
                <![CDATA[575757576]]>
              </value>
            </param>
            <param index="7">
              <value>
                <![CDATA[0]]>
              </value>
            </param>
          </params>
          <reporter-output>
          </reporter-output>
        </test-method> <!-- DDT_createUser -->
        <test-method signature="DDT_createUser(java.lang.String,java.lang.String,java.lang.String,java.lang.String,java.lang.String,java.lang.String,java.lang.String,java.lang.String)[pri:1, instance:api.test.DDTest@2c35e847]" started-at="2023-08-30T21:14:58 IST" name="DDT_createUser" data-provider="data" finished-at="2023-08-30T21:14:59 IST" duration-ms="1105" status="PASS">
          <params>
            <param index="0">
              <value>
                <![CDATA[1234567]]>
              </value>
            </param>
            <param index="1">
              <value>
                <![CDATA[test567]]>
              </value>
            </param>
            <param index="2">
              <value>
                <![CDATA[cherukuru]]>
              </value>
            </param>
            <param index="3">
              <value>
                <![CDATA[ch]]>
              </value>
            </param>
            <param index="4">
              <value>
                <![CDATA[345335@gmail.com]]>
              </value>
            </param>
            <param index="5">
              <value>
                <![CDATA[test]]>
              </value>
            </param>
            <param index="6">
              <value>
                <![CDATA[464655767]]>
              </value>
            </param>
            <param index="7">
              <value>
                <![CDATA[0]]>
              </value>
            </param>
          </params>
          <reporter-output>
          </reporter-output>
        </test-method> <!-- DDT_createUser -->
        <test-method signature="testgetUser(java.lang.String)[pri:2, instance:api.test.DDTest@2c35e847]" started-at="2023-08-30T21:14:59 IST" name="testgetUser" data-provider="username" finished-at="2023-08-30T21:15:00 IST" duration-ms="1302" status="PASS">
          <params>
            <param index="0">
              <value>
                <![CDATA[test123]]>
              </value>
            </param>
          </params>
          <reporter-output>
          </reporter-output>
        </test-method> <!-- testgetUser -->
        <test-method signature="testgetUser(java.lang.String)[pri:2, instance:api.test.DDTest@2c35e847]" started-at="2023-08-30T21:15:00 IST" name="testgetUser" data-provider="username" finished-at="2023-08-30T21:15:01 IST" duration-ms="1156" status="PASS">
          <params>
            <param index="0">
              <value>
                <![CDATA[test345]]>
              </value>
            </param>
          </params>
          <reporter-output>
          </reporter-output>
        </test-method> <!-- testgetUser -->
        <test-method signature="testgetUser(java.lang.String)[pri:2, instance:api.test.DDTest@2c35e847]" started-at="2023-08-30T21:15:01 IST" name="testgetUser" data-provider="username" finished-at="2023-08-30T21:15:02 IST" duration-ms="1178" status="PASS">
          <params>
            <param index="0">
              <value>
                <![CDATA[test567]]>
              </value>
            </param>
          </params>
          <reporter-output>
          </reporter-output>
        </test-method> <!-- testgetUser -->
        <test-method signature="DDT_deleteUser(java.lang.String)[pri:3, instance:api.test.DDTest@2c35e847]" started-at="2023-08-30T21:15:03 IST" name="DDT_deleteUser" data-provider="username" finished-at="2023-08-30T21:15:04 IST" duration-ms="1141" status="PASS">
          <params>
            <param index="0">
              <value>
                <![CDATA[test123]]>
              </value>
            </param>
          </params>
          <reporter-output>
          </reporter-output>
        </test-method> <!-- DDT_deleteUser -->
        <test-method signature="DDT_deleteUser(java.lang.String)[pri:3, instance:api.test.DDTest@2c35e847]" started-at="2023-08-30T21:15:04 IST" name="DDT_deleteUser" data-provider="username" finished-at="2023-08-30T21:15:05 IST" duration-ms="1148" status="PASS">
          <params>
            <param index="0">
              <value>
                <![CDATA[test345]]>
              </value>
            </param>
          </params>
          <reporter-output>
          </reporter-output>
        </test-method> <!-- DDT_deleteUser -->
        <test-method signature="DDT_deleteUser(java.lang.String)[pri:3, instance:api.test.DDTest@2c35e847]" started-at="2023-08-30T21:15:05 IST" name="DDT_deleteUser" data-provider="username" finished-at="2023-08-30T21:15:06 IST" duration-ms="1242" status="PASS">
          <params>
            <param index="0">
              <value>
                <![CDATA[test567]]>
              </value>
            </param>
          </params>
          <reporter-output>
          </reporter-output>
        </test-method> <!-- DDT_deleteUser -->
      </class> <!-- api.test.DDTest -->
    </test> <!-- Default test -->
  </suite> <!-- Default suite -->
</testng-results>
